{
  "RSpec": {
    "coverage": {
      "/Users/rabeimghrabi/Desktop/environment/week10/bank_tech_test/spec/bank_account_spec.rb": {
        "lines": [
          null,
          null,
          1,
          null,
          1,
          6,
          1,
          1,
          null,
          1,
          1,
          4,
          null,
          null,
          1,
          1,
          1,
          4,
          null,
          1,
          1,
          2,
          null,
          null,
          null,
          1,
          1,
          4,
          1,
          1,
          1,
          null,
          1,
          null,
          null,
          null,
          null,
          null,
          null
        ]
      },
      "/Users/rabeimghrabi/Desktop/environment/week10/bank_tech_test/lib/bank_account.rb": {
        "lines": [
          null,
          null,
          1,
          null,
          1,
          1,
          1,
          5,
          5,
          null,
          null,
          1,
          5,
          5,
          null,
          null,
          1,
          3,
          null,
          2,
          2,
          null,
          null,
          1,
          0,
          0,
          0,
          null,
          0,
          null,
          null,
          1,
          null,
          1,
          7,
          null,
          null,
          null
        ]
      },
      "/Users/rabeimghrabi/Desktop/environment/week10/bank_tech_test/spec/statement_spec.rb": {
        "lines": [

        ]
      },
      "/Users/rabeimghrabi/Desktop/environment/week10/bank_tech_test/spec/transaction_spec.rb": {
        "lines": [
          1,
          null,
          1,
          1,
          1,
          1,
          1,
          1,
          1,
          null,
          1,
          1,
          1,
          1,
          1,
          1,
          null,
          1,
          2,
          null,
          null,
          1,
          2,
          null,
          null,
          null
        ]
      },
      "/Users/rabeimghrabi/Desktop/environment/week10/bank_tech_test/lib/transaction.rb": {
        "lines": [
          1,
          1,
          1,
          4,
          1,
          3,
          1,
          null,
          2,
          2,
          2,
          2,
          null,
          null,
          null
        ]
      }
    },
    "timestamp": 1597349971
  }
}
