{
  "RSpec": {
    "coverage": {
      "/Users/rabeimghrabi/Desktop/environment/makers/week10/bank_tech_test/spec/bank_account_spec.rb": {
        "lines": [
          null,
          null,
          1,
          null,
          1,
          5,
          1,
          1,
          null,
          1,
          1,
          4,
          null,
          null,
          1,
          1,
          1,
          4,
          null,
          1,
          1,
          2,
          null,
          null,
          null
        ]
      },
      "/Users/rabeimghrabi/Desktop/environment/makers/week10/bank_tech_test/lib/bank_account.rb": {
        "lines": [
          null,
          1,
          1,
          null,
          1,
          1,
          1,
          5,
          5,
          null,
          null,
          1,
          5,
          5,
          null,
          null,
          1,
          3,
          null,
          2,
          2,
          null,
          null,
          1,
          null,
          1,
          7,
          null,
          null
        ]
      },
      "/Users/rabeimghrabi/Desktop/environment/makers/week10/bank_tech_test/lib/Transaction.rb": {
        "lines": [
          1,
          1,
          1,
          0,
          0,
          0,
          0,
          null,
          0,
          0,
          0,
          0,
          null,
          null,
          null
        ]
      },
      "/Users/rabeimghrabi/Desktop/environment/makers/week10/bank_tech_test/spec/statement_spec.rb": {
        "lines": [
          1,
          null,
          null,
          1,
          2,
          2,
          1,
          1,
          4,
          1,
          1,
          1,
          null,
          1,
          null,
          null,
          null,
          null,
          null,
          null,
          null
        ]
      },
      "/Users/rabeimghrabi/Desktop/environment/makers/week10/bank_tech_test/lib/statement.rb": {
        "lines": [
          null,
          1,
          null,
          1,
          1,
          1,
          3,
          3,
          3,
          null,
          null,
          3,
          null,
          1,
          null,
          null
        ]
      },
      "/Users/rabeimghrabi/Desktop/environment/makers/week10/bank_tech_test/spec/transaction_spec.rb": {
        "lines": [
          1,
          null,
          1,
          1,
          1,
          1,
          1,
          1,
          1,
          null,
          1,
          1,
          1,
          1,
          1,
          1,
          null,
          1,
          2,
          null,
          null,
          1,
          2,
          null,
          null,
          null
        ]
      },
      "/Users/rabeimghrabi/Desktop/environment/makers/week10/bank_tech_test/lib/transaction.rb": {
        "lines": [
          1,
          1,
          1,
          11,
          1,
          10,
          1,
          null,
          9,
          9,
          9,
          9,
          null,
          null,
          null
        ]
      }
    },
    "timestamp": 1603136283
  }
}
